C:\USERS\GAO\DESKTOP\出书XIN\STL版数据结构\STL版的数据结构书\上网内容\根据VS2012版空控制台程序改编的程序++\D\DEBUG\D.OBJ
C:\USERS\GAO\DESKTOP\出书XIN\STL版数据结构\STL版的数据结构书\上网内容\根据VS2012版空控制台程序改编的程序++\D\DEBUG\VC110.PDB
C:\USERS\GAO\DESKTOP\出书XIN\STL版数据结构\STL版的数据结构书\上网内容\根据VS2012版空控制台程序改编的程序++\DEBUG\D.ILK
C:\USERS\GAO\DESKTOP\出书XIN\STL版数据结构\STL版的数据结构书\上网内容\根据VS2012版空控制台程序改编的程序++\DEBUG\D.EXE
C:\USERS\GAO\DESKTOP\出书XIN\STL版数据结构\STL版的数据结构书\上网内容\根据VS2012版空控制台程序改编的程序++\DEBUG\D.PDB
C:\Users\Gao\Desktop\出书xin\STL版数据结构\STL版的数据结构书\上网内容\根据VS2012版空控制台程序改编的程序++\d\Debug\d.obj
C:\Users\Gao\Desktop\出书xin\STL版数据结构\STL版的数据结构书\上网内容\根据VS2012版空控制台程序改编的程序++\d\Debug\cl.command.1.tlog
C:\Users\Gao\Desktop\出书xin\STL版数据结构\STL版的数据结构书\上网内容\根据VS2012版空控制台程序改编的程序++\d\Debug\CL.read.1.tlog
C:\Users\Gao\Desktop\出书xin\STL版数据结构\STL版的数据结构书\上网内容\根据VS2012版空控制台程序改编的程序++\d\Debug\CL.write.1.tlog
C:\Users\Gao\Desktop\出书xin\STL版数据结构\STL版的数据结构书\上网内容\根据VS2012版空控制台程序改编的程序++\d\Debug\link-cvtres.read.1.tlog
C:\Users\Gao\Desktop\出书xin\STL版数据结构\STL版的数据结构书\上网内容\根据VS2012版空控制台程序改编的程序++\d\Debug\link-cvtres.write.1.tlog
C:\Users\Gao\Desktop\出书xin\STL版数据结构\STL版的数据结构书\上网内容\根据VS2012版空控制台程序改编的程序++\d\Debug\link-rc.read.1.tlog
C:\Users\Gao\Desktop\出书xin\STL版数据结构\STL版的数据结构书\上网内容\根据VS2012版空控制台程序改编的程序++\d\Debug\link-rc.write.1.tlog
C:\Users\Gao\Desktop\出书xin\STL版数据结构\STL版的数据结构书\上网内容\根据VS2012版空控制台程序改编的程序++\d\Debug\link.command.1.tlog
C:\Users\Gao\Desktop\出书xin\STL版数据结构\STL版的数据结构书\上网内容\根据VS2012版空控制台程序改编的程序++\d\Debug\link.read.1.tlog
C:\Users\Gao\Desktop\出书xin\STL版数据结构\STL版的数据结构书\上网内容\根据VS2012版空控制台程序改编的程序++\d\Debug\link.write.1.tlog
C:\Users\Gao\Desktop\出书xin\STL版数据结构\STL版的数据结构书\上网内容\根据VS2012版空控制台程序改编的程序++\d\Debug\vc110.idb
C:\Users\Gao\Desktop\出书xin\STL版数据结构\STL版的数据结构书\上网内容\根据VS2012版空控制台程序改编的程序++\d\Debug\vc110.pdb
C:\Users\Gao\Desktop\出书xin\STL版数据结构\STL版的数据结构书\上网内容\根据VS2012版空控制台程序改编的程序++\Debug\d.pdb
C:\Users\Gao\Desktop\出书xin\STL版数据结构\STL版的数据结构书\上网内容\根据VS2012版空控制台程序改编的程序++\Debug\d.exe
C:\Users\Gao\Desktop\出书xin\STL版数据结构\STL版的数据结构书\上网内容\根据VS2012版空控制台程序改编的程序++\Debug\d.ilk
